[2021-01-27 03:22:12] START
[2021-01-27 03:22:26] EDIT model_two/models/db.py: 0
[2021-01-27 03:22:50] EDIT model_two/models/menu.py: -94
[2021-01-27 03:23:34] EDIT model_two/controllers/default.py: -1
[2021-01-27 03:24:01] EDIT model_two/views/default/index.html: -37
[2021-01-27 03:24:12] EDIT model_two/controllers/default.py: 0
[2021-01-27 03:26:21] EDIT model_two/views/layout.html: -4
[2021-01-27 03:26:40] EDIT model_two/views/layout.html: 0
[2021-01-27 03:35:33] EDIT model_two/models/db.py: 139
[2021-01-27 03:35:42] CREATE db1.py: 0
[2021-01-27 03:36:05] EDIT model_two/models/db1.py: 65
[2021-01-27 03:38:09] CREATE validadores.py: 0
[2021-01-27 03:38:24] EDIT model_two/models/validadores.py: 38
[2021-01-27 03:39:33] EDIT model_two/controllers/default.py: 4
[2021-01-27 03:40:37] EDIT model_two/models/validadores.py: 0
[2021-01-27 04:05:42] EDIT model_two/views/default/index.html: 96
[2021-01-27 04:35:23] EDIT model_two/views/default/index.html: -1
[2021-01-27 04:35:48] CREATE d2.py: 0
[2021-01-27 04:48:28] EDIT model_two/models/d2.py: 34
[2021-01-27 04:51:05] EDIT model_two/models/d2.py: 0
[2021-01-28 03:29:28] EDIT model_two/models/validadores.py: 0
[2021-01-28 03:30:05] CREATE db2.py: 0
[2021-01-28 03:30:24] EDIT model_two/models/db2.py: 34
[2021-01-28 03:30:34] DELETE model_two/models/d2.py: -34
[2021-01-28 03:34:31] CREATE acs_sistema.py: 0
[2021-01-28 03:34:47] CREATE acs_sistema/index.html: 0
[2021-01-28 03:35:11] EDIT model_two/views/acs_sistema/index.html: 44
[2021-01-28 03:35:29] EDIT model_two/views/default/index.html: 1
[2021-01-28 03:36:00] EDIT model_two/views/default/index.html: 0
[2021-01-28 03:36:09] EDIT model_two/views/default/index.html: 0
[2021-01-28 03:36:26] EDIT model_two/views/default/index.html: 0
[2021-01-28 03:37:29] EDIT model_two/controllers/acs_sistema.py: 5
[2021-01-28 03:37:57] CREATE acs_cadastro.py: 0
[2021-01-28 03:38:18] EDIT model_two/controllers/acs_cadastro.py: 9
[2021-01-28 03:41:30] EDIT model_two/controllers/default.py: 1
[2021-01-28 03:41:48] EDIT model_two/views/default/index.html: 0
[2021-01-28 03:41:59] EDIT model_two/views/default/index.html: 0
[2021-01-28 03:42:52] EDIT model_two/controllers/default.py: 0
[2021-01-28 03:43:14] EDIT model_two/controllers/default.py: 0
[2021-01-28 03:43:27] EDIT model_two/controllers/default.py: 0
[2021-01-28 03:43:55] EDIT model_two/views/default/index.html: 0
[2021-01-28 03:44:06] EDIT model_two/views/default/index.html: 0
[2021-01-28 03:44:34] EDIT model_two/views/default/index.html: 0
[2021-01-28 03:45:04] EDIT model_two/views/default/index.html: 0
[2021-01-28 03:45:12] EDIT model_two/views/default/index.html: 0
[2021-01-28 03:45:25] EDIT model_two/views/default/index.html: 0
[2021-01-28 04:01:21] EDIT model_two/models/db2.py: 0
[2021-01-28 04:03:36] EDIT model_two/controllers/default.py: 1
[2021-01-28 04:03:59] EDIT model_two/views/default/index.html: 1
[2021-01-28 04:04:12] EDIT model_two/views/default/index.html: 0
[2021-01-28 04:04:26] EDIT model_two/controllers/default.py: 0
[2021-01-28 04:05:23] EDIT model_two/views/default/index.html: 0
[2021-01-28 04:05:46] EDIT model_two/views/default/index.html: 0
[2021-01-28 04:06:59] EDIT model_two/views/default/index.html: 0
[2021-01-28 04:08:17] EDIT model_two/views/default/index.html: 0
[2021-01-28 04:08:24] EDIT model_two/views/default/index.html: 0
[2021-01-28 04:08:30] EDIT model_two/views/default/index.html: 0
[2021-01-28 04:08:33] EDIT model_two/views/default/index.html: 0
[2021-01-28 04:08:43] EDIT model_two/views/default/index.html: 0
[2021-01-28 04:08:53] EDIT model_two/views/default/index.html: -1
[2021-01-28 04:09:01] EDIT model_two/views/default/index.html: 0
[2021-01-28 04:09:26] EDIT model_two/controllers/default.py: 0
[2021-01-28 04:09:46] EDIT model_two/views/default/index.html: 1
[2021-01-28 04:10:00] EDIT model_two/views/default/index.html: -1
[2021-01-28 04:10:12] EDIT model_two/views/default/index.html: 0
[2021-01-28 04:11:09] EDIT model_two/views/default/index.html: 0
[2021-01-28 04:11:59] EDIT model_two/views/default/index.html: 0
[2021-01-28 04:12:10] EDIT model_two/views/default/index.html: 0
[2021-01-28 04:12:16] EDIT model_two/views/default/index.html: 0
[2021-01-28 04:12:56] EDIT model_two/views/default/index.html: 0
[2021-01-28 04:13:09] EDIT model_two/views/default/index.html: 0
[2021-01-28 04:13:22] EDIT model_two/views/default/index.html: 0
[2021-01-28 04:13:37] EDIT model_two/views/default/index.html: 0
[2021-01-28 04:14:04] EDIT model_two/views/default/index.html: 0
[2021-01-28 04:14:41] EDIT model_two/views/default/index.html: 1
[2021-01-28 04:15:21] EDIT model_two/views/default/index.html: -1
[2021-01-28 04:16:22] EDIT model_two/views/default/index.html: 1
[2021-01-28 04:16:34] EDIT model_two/views/default/index.html: 0
[2021-01-28 04:17:13] EDIT model_two/views/default/index.html: -4
[2021-01-28 04:17:20] EDIT model_two/views/default/index.html: 4
[2021-01-28 04:22:58] CREATE acs_clientes.py: 0
[2021-01-28 04:23:20] EDIT model_two/controllers/acs_clientes.py: 131
[2021-01-28 04:23:31] CREATE acs_clientes/index.html: 0
[2021-01-28 04:23:37] EDIT model_two/views/acs_clientes/index.html: 115
[2021-01-28 04:24:16] EDIT model_two/views/acs_clientes/index.html: 0
[2021-01-28 04:25:01] EDIT model_two/views/acs_clientes/index.html: 0
[2021-01-28 04:26:21] CREATE acs_clientes/acessar.html: 0
[2021-01-28 04:26:28] EDIT model_two/views/acs_clientes/acessar.html: 96
[2021-01-28 04:28:36] EDIT model_two/views/acs_clientes/acessar.html: 0
[2021-01-28 04:28:52] EDIT model_two/views/acs_clientes/acessar.html: 0
[2021-01-28 04:29:10] CREATE acs_imoveis.py: 0
[2021-01-28 04:29:22] EDIT model_two/controllers/acs_imoveis.py: 100
[2021-01-28 04:29:33] CREATE acs_imoveis/index.html: 0
[2021-01-28 04:29:41] EDIT model_two/views/acs_imoveis/index.html: 0
[2021-01-28 04:29:42] EDIT model_two/views/acs_imoveis/index.html: 96
[2021-01-28 04:29:44] EDIT model_two/views/acs_imoveis/index.html: 0
[2021-01-28 04:30:07] EDIT model_two/views/acs_imoveis/index.html: 0
[2021-01-28 04:31:12] EDIT model_two/views/acs_imoveis/index.html: -2
[2021-01-28 04:31:48] EDIT model_two/views/acs_imoveis/index.html: 7
[2021-01-28 04:31:58] EDIT model_two/views/acs_imoveis/index.html: -1
[2021-01-28 04:32:42] EDIT model_two/views/acs_imoveis/index.html: 3
[2021-01-28 04:33:25] EDIT model_two/views/acs_imoveis/index.html: 0
[2021-01-28 04:33:44] EDIT model_two/views/acs_imoveis/index.html: 0
[2021-01-28 04:34:40] CREATE acs_imoveis/acessar.html: 0
[2021-01-28 04:34:54] EDIT model_two/views/acs_imoveis/acessar.html: 121
[2021-01-28 04:35:43] EDIT model_two/views/acs_imoveis/acessar.html: 0
[2021-01-28 04:36:19] EDIT model_two/views/acs_imoveis/acessar.html: 0
[2021-01-28 04:37:58] CREATE acs_contratos.py: 0
[2021-01-28 04:38:10] EDIT model_two/controllers/acs_contratos.py: 182
[2021-01-28 04:38:39] EDIT model_two/controllers/acs_contratos.py: 0
[2021-01-28 04:38:55] CREATE acs_contratos/acessar.html: 0
[2021-01-28 04:39:10] EDIT model_two/views/acs_contratos/acessar.html: 153
[2021-01-28 04:41:00] EDIT model_two/controllers/acs_imoveis.py: 0
[2021-01-28 04:41:20] CREATE acs_imoveis/contratos.html: 0
[2021-01-28 04:41:42] EDIT model_two/views/acs_imoveis/contratos.html: 75
[2021-01-28 04:43:14] EDIT model_two/controllers/acs_contratos.py: 0
[2021-01-28 04:44:44] EDIT model_two/controllers/acs_contratos.py: 0
[2021-01-28 17:55:57] EDIT model_two/controllers/acs_contratos.py: 0
[2021-01-28 17:56:41] CREATE acs_recebimentos.py: 0
[2021-01-28 17:56:59] EDIT model_two/controllers/acs_recebimentos.py: 28
[2021-01-28 17:57:37] EDIT model_two/controllers/acs_recebimentos.py: 0
[2021-01-28 17:58:16] CREATE acs_imoveis/recebimentos.html: 0
[2021-01-28 17:58:28] EDIT model_two/views/acs_imoveis/recebimentos.html: 81
[2021-01-28 18:00:41] EDIT model_two/views/acs_imoveis/recebimentos.html: 0
[2021-01-28 18:00:57] EDIT model_two/views/acs_imoveis/recebimentos.html: 0
[2021-01-28 18:01:21] EDIT model_two/views/acs_imoveis/recebimentos.html: 0
[2021-01-28 18:01:33] EDIT model_two/views/acs_imoveis/recebimentos.html: 0
[2021-01-28 18:01:59] EDIT model_two/controllers/acs_contratos.py: 0
[2021-01-28 18:13:54] EDIT model_two/views/acs_sistema/index.html: 2
[2021-01-28 18:14:07] CREATE acs_administrativo.py: 0
[2021-01-28 18:14:25] CREATE acs_administrativo/index.html: 0
[2021-01-28 18:17:53] EDIT model_two/views/acs_administrativo/index.html: 56
[2021-01-28 18:18:05] EDIT model_two/views/acs_administrativo/index.html: 0
[2021-01-28 18:18:17] EDIT model_two/views/acs_administrativo/index.html: 0
[2021-01-28 18:18:33] EDIT model_two/views/acs_administrativo/index.html: 0
[2021-01-28 18:19:29] EDIT model_two/views/acs_administrativo/index.html: 0
[2021-01-28 18:19:48] EDIT model_two/views/acs_administrativo/index.html: 0
[2021-01-28 18:20:07] EDIT model_two/views/acs_administrativo/index.html: 0
[2021-01-28 18:20:37] EDIT model_two/controllers/acs_administrativo.py: 2
[2021-01-28 18:20:49] EDIT model_two/controllers/acs_administrativo.py: 1
[2021-01-28 18:22:18] EDIT model_two/controllers/acs_administrativo.py: 12
[2021-01-28 18:41:55] CREATE acs_contratos/contrato_locacao.html: 0
[2021-01-28 18:42:01] EDIT model_two/views/acs_contratos/contrato_locacao.html: 361
[2021-01-28 18:44:34] EDIT model_two/views/acs_contratos/acessar.html: 0
[2021-01-28 18:45:23] EDIT model_two/views/acs_contratos/acessar.html: 0
[2021-01-28 18:45:43] EDIT model_two/views/acs_contratos/acessar.html: 0
[2021-01-28 18:45:53] EDIT model_two/views/acs_contratos/acessar.html: 0
[2021-01-28 18:51:10] EDIT model_two/controllers/acs_contratos.py: 0
[2021-01-28 18:51:46] EDIT model_two/views/acs_contratos/acessar.html: 0
[2021-01-28 18:52:08] EDIT model_two/views/acs_contratos/acessar.html: 0
[2021-01-28 19:04:20] EDIT model_two/views/acs_imoveis/recebimentos.html: 0
[2021-01-28 19:05:03] EDIT model_two/views/acs_imoveis/recebimentos.html: 0
[2021-01-28 19:05:35] EDIT model_two/views/acs_imoveis/recebimentos.html: 0
[2021-01-28 19:08:27] CREATE acs_contratos/index.html: 0
[2021-01-28 19:08:33] EDIT model_two/views/acs_contratos/index.html: 117
[2021-01-28 19:10:59] EDIT model_two/views/acs_contratos/index.html: -10
[2021-01-28 19:12:25] EDIT model_two/views/acs_contratos/index.html: -2
[2021-01-28 19:13:02] EDIT model_two/views/acs_contratos/index.html: 2
[2021-01-28 19:14:13] EDIT model_two/views/acs_contratos/index.html: -39
[2021-01-28 19:15:00] EDIT model_two/views/acs_contratos/index.html: 9
[2021-01-28 19:15:10] EDIT model_two/views/acs_contratos/index.html: 0
[2021-01-28 19:15:30] EDIT model_two/views/acs_contratos/index.html: 0
[2021-01-28 19:16:15] EDIT model_two/views/acs_contratos/index.html: 0
[2021-01-28 19:16:45] EDIT model_two/views/acs_contratos/index.html: 0
[2021-01-28 19:17:55] EDIT model_two/views/acs_contratos/index.html: 0
[2021-01-28 19:18:30] EDIT model_two/views/acs_contratos/index.html: 0
[2021-01-28 19:19:01] EDIT model_two/views/acs_contratos/index.html: 0
[2021-01-28 19:19:53] EDIT model_two/views/acs_contratos/index.html: 20
[2021-01-28 19:20:28] EDIT model_two/views/acs_contratos/index.html: 0
[2021-01-28 19:21:26] EDIT model_two/views/acs_contratos/index.html: -1
[2021-01-28 19:22:12] EDIT model_two/views/acs_contratos/index.html: 2
[2021-01-28 19:22:30] EDIT model_two/views/acs_contratos/index.html: -1
[2021-01-28 19:22:43] EDIT model_two/views/acs_contratos/index.html: -1
[2021-01-28 19:23:20] EDIT model_two/views/acs_contratos/index.html: -9
[2021-01-28 19:23:43] EDIT model_two/views/acs_contratos/index.html: -8
[2021-01-28 19:28:26] EDIT model_two/views/acs_contratos/index.html: 3
[2021-01-28 19:29:33] EDIT model_two/views/acs_contratos/index.html: 0
[2021-01-28 19:31:57] EDIT model_two/views/acs_contratos/acessar.html: 0
[2021-01-28 19:33:21] EDIT model_two/views/acs_contratos/index.html: 0
[2021-01-28 19:34:11] EDIT model_two/views/acs_sistema/index.html: 2
[2021-01-28 19:35:59] EDIT model_two/views/acs_clientes/index.html: 1
[2021-01-28 19:36:42] EDIT model_two/views/acs_clientes/index.html: 0
[2021-01-28 19:37:20] EDIT model_two/views/acs_clientes/index.html: 0
[2021-01-28 19:37:35] EDIT model_two/views/acs_clientes/index.html: 0
[2021-01-28 19:37:55] EDIT model_two/views/acs_clientes/index.html: 0
[2021-01-28 19:38:01] EDIT model_two/views/acs_clientes/index.html: 0
[2021-01-28 19:39:10] EDIT model_two/views/acs_imoveis/index.html: 1
[2021-01-28 19:39:27] EDIT model_two/views/acs_imoveis/index.html: 0
[2021-01-28 19:39:45] EDIT model_two/views/acs_imoveis/index.html: 0
[2021-01-28 19:41:05] EDIT model_two/views/acs_imoveis/index.html: 0
[2021-01-28 19:41:25] EDIT model_two/views/acs_contratos/index.html: 1
[2021-01-28 19:44:25] CREATE acs_recebimentos/index.html: 0
[2021-01-28 19:57:00] EDIT model_two/views/acs_recebimentos/index.html: 48
[2021-01-28 19:58:25] EDIT model_two/views/acs_recebimentos/index.html: 0
[2021-01-28 19:59:15] EDIT model_two/views/acs_sistema/index.html: 2
[2021-01-28 20:02:29] EDIT model_two/controllers/acs_recebimentos.py: 18
[2021-01-28 20:02:43] EDIT model_two/controllers/acs_recebimentos.py: 0
[2021-01-28 20:03:25] EDIT model_two/views/acs_recebimentos/index.html: -1
[2021-01-28 20:06:47] EDIT model_two/controllers/acs_contratos.py: 0
[2021-01-28 20:07:01] EDIT model_two/views/acs_recebimentos/index.html: 0
[2021-01-28 20:07:39] EDIT model_two/controllers/acs_recebimentos.py: 0
[2021-01-28 20:08:20] EDIT model_two/views/acs_recebimentos/index.html: 0
[2021-01-28 20:08:43] EDIT model_two/views/acs_recebimentos/index.html: 0
[2021-01-28 20:09:25] EDIT model_two/views/acs_recebimentos/index.html: 7
[2021-01-28 20:09:44] EDIT model_two/views/acs_recebimentos/index.html: 0
[2021-01-28 20:10:08] EDIT model_two/views/acs_recebimentos/index.html: 1
[2021-01-28 20:10:29] EDIT model_two/views/acs_recebimentos/index.html: -1
[2021-01-28 20:10:45] EDIT model_two/views/acs_recebimentos/index.html: 0
[2021-01-28 20:12:00] EDIT model_two/views/acs_recebimentos/index.html: 0
[2021-01-28 20:12:21] EDIT model_two/views/acs_recebimentos/index.html: -1
[2021-01-28 20:12:49] EDIT model_two/views/acs_recebimentos/index.html: 1
[2021-01-28 20:13:16] EDIT model_two/views/acs_recebimentos/index.html: 0
[2021-01-28 20:14:22] EDIT model_two/controllers/acs_recebimentos.py: -4
[2021-01-28 20:15:40] EDIT model_two/controllers/acs_recebimentos.py: 4
[2021-01-28 20:16:54] EDIT model_two/controllers/acs_recebimentos.py: 0
[2021-01-28 20:18:21] EDIT model_two/controllers/acs_recebimentos.py: 0
[2021-01-28 20:18:57] EDIT model_two/controllers/acs_recebimentos.py: 1
[2021-01-28 20:19:10] EDIT model_two/controllers/acs_recebimentos.py: 0
[2021-01-28 20:19:15] EDIT model_two/views/acs_recebimentos/index.html: 1
[2021-01-28 20:20:25] EDIT model_two/controllers/acs_recebimentos.py: 0
[2021-01-28 20:21:03] EDIT model_two/controllers/acs_recebimentos.py: 0
[2021-01-28 20:25:33] EDIT model_two/controllers/acs_recebimentos.py: -2
[2021-01-28 20:25:59] EDIT model_two/controllers/acs_recebimentos.py: 0
[2021-01-28 20:26:15] EDIT model_two/controllers/acs_recebimentos.py: 0
[2021-01-28 20:27:09] EDIT model_two/views/acs_recebimentos/index.html: 0
[2021-01-28 20:28:51] EDIT model_two/controllers/acs_recebimentos.py: 2
[2021-01-28 20:29:17] EDIT model_two/controllers/acs_recebimentos.py: 1
[2021-01-28 20:30:19] EDIT model_two/models/validadores.py: 0
[2021-01-28 20:30:37] EDIT model_two/views/acs_recebimentos/index.html: 0
[2021-01-28 20:32:40] EDIT model_two/views/acs_recebimentos/index.html: 3
[2021-01-28 20:32:59] EDIT model_two/views/acs_recebimentos/index.html: 0
[2021-01-28 20:34:56] EDIT model_two/views/acs_recebimentos/index.html: 0
[2021-01-28 20:36:24] EDIT model_two/views/acs_recebimentos/index.html: 4
[2021-01-28 20:36:46] EDIT model_two/views/acs_recebimentos/index.html: 0
[2021-01-28 20:37:50] EDIT model_two/views/acs_recebimentos/index.html: 1
[2021-01-28 20:42:55] EDIT model_two/views/acs_recebimentos/index.html: 0
[2021-01-28 20:43:28] EDIT model_two/views/acs_recebimentos/index.html: 1
[2021-01-28 20:44:55] EDIT model_two/views/acs_recebimentos/index.html: -1
[2021-01-28 20:45:19] EDIT model_two/views/acs_recebimentos/index.html: 0
[2021-01-28 20:45:40] EDIT model_two/views/acs_recebimentos/index.html: 0
[2021-01-28 20:45:59] EDIT model_two/views/acs_recebimentos/index.html: 0
[2021-01-28 20:46:09] EDIT model_two/views/acs_recebimentos/index.html: 0
[2021-01-28 20:46:14] EDIT model_two/views/acs_recebimentos/index.html: 0
[2021-01-28 20:46:20] EDIT model_two/views/acs_recebimentos/index.html: 0
[2021-01-28 20:46:38] EDIT model_two/views/acs_recebimentos/index.html: 0
[2021-01-28 20:47:17] EDIT model_two/views/acs_recebimentos/index.html: 0
[2021-01-28 20:47:35] EDIT model_two/views/acs_recebimentos/index.html: 0
[2021-01-28 20:47:47] EDIT model_two/views/acs_recebimentos/index.html: 0
[2021-01-28 20:49:27] EDIT model_two/views/acs_contratos/acessar.html: 0
[2021-01-28 20:50:17] EDIT model_two/views/acs_contratos/acessar.html: 0
[2021-01-28 20:50:49] EDIT model_two/views/acs_contratos/acessar.html: 0
[2021-01-28 20:55:13] EDIT model_two/views/acs_recebimentos/index.html: 39
[2021-01-28 20:55:45] EDIT model_two/views/acs_recebimentos/index.html: 1
[2021-01-28 20:57:43] EDIT model_two/views/acs_recebimentos/index.html: 19
[2021-01-28 20:57:53] EDIT model_two/views/acs_recebimentos/index.html: 0
[2021-01-28 20:58:01] EDIT model_two/views/acs_recebimentos/index.html: 0
[2021-01-28 20:58:13] EDIT model_two/views/acs_recebimentos/index.html: 0
[2021-01-28 20:58:31] EDIT model_two/views/acs_recebimentos/index.html: 0
[2021-01-28 20:58:45] EDIT model_two/views/acs_recebimentos/index.html: 0
[2021-01-28 20:58:58] EDIT model_two/views/acs_recebimentos/index.html: 0
[2021-01-28 20:59:39] EDIT model_two/views/acs_recebimentos/index.html: 0
[2021-01-28 20:59:50] EDIT model_two/views/acs_recebimentos/index.html: 0
[2021-01-28 21:01:42] EDIT model_two/views/acs_recebimentos/index.html: 1
[2021-01-28 21:02:28] EDIT model_two/views/acs_recebimentos/index.html: 1
[2021-01-28 21:16:37] EDIT model_two/views/acs_recebimentos/index.html: 11
[2021-01-28 21:17:07] EDIT model_two/views/acs_recebimentos/index.html: 2
[2021-01-28 21:17:33] EDIT model_two/views/acs_recebimentos/index.html: 0
[2021-01-28 21:18:37] EDIT model_two/views/acs_recebimentos/index.html: 0
[2021-01-28 21:19:24] EDIT model_two/views/acs_recebimentos/index.html: 0
[2021-01-28 21:20:08] EDIT model_two/views/acs_recebimentos/index.html: 0
[2021-01-28 21:25:57] EDIT model_two/views/acs_recebimentos/index.html: 8
[2021-01-28 21:26:30] EDIT model_two/views/acs_recebimentos/index.html: 0
[2021-01-28 21:28:29] EDIT model_two/views/acs_recebimentos/index.html: 4
[2021-01-28 21:28:45] EDIT model_two/views/acs_recebimentos/index.html: 0
[2021-01-28 21:29:25] EDIT model_two/views/acs_recebimentos/index.html: 0
[2021-01-28 21:29:38] EDIT model_two/views/acs_recebimentos/index.html: 0
[2021-01-28 21:30:54] EDIT model_two/controllers/acs_recebimentos.py: 27
[2021-01-28 21:31:43] EDIT model_two/controllers/acs_recebimentos.py: 3
[2021-01-28 21:31:54] CREATE acs_recebimentos/recido.html: 0
[2021-01-28 21:33:43] EDIT model_two/controllers/acs_recebimentos.py: 0
[2021-01-28 21:34:32] EDIT model_two/controllers/acs_recebimentos.py: 1
[2021-01-28 21:36:51] EDIT model_two/views/acs_recebimentos/recido.html: 145
[2021-01-28 21:37:18] EDIT model_two/controllers/acs_recebimentos.py: 0
[2021-01-28 21:37:46] EDIT model_two/views/acs_recebimentos/recido.html: 1
[2021-01-28 21:38:20] EDIT model_two/views/acs_recebimentos/recido.html: 0
[2021-01-28 21:40:03] EDIT model_two/views/acs_recebimentos/recido.html: 0
[2021-01-28 21:40:19] EDIT model_two/views/acs_recebimentos/recido.html: 0
[2021-01-28 21:43:00] EDIT model_two/views/acs_recebimentos/recido.html: 7
[2021-01-28 21:44:05] EDIT model_two/views/acs_recebimentos/recido.html: 2
[2021-01-28 21:44:57] EDIT model_two/views/acs_recebimentos/recido.html: 2
[2021-01-28 21:45:53] EDIT model_two/views/acs_recebimentos/recido.html: 0
[2021-01-28 21:46:37] EDIT model_two/views/acs_recebimentos/recido.html: 7
[2021-01-28 21:47:02] EDIT model_two/views/acs_recebimentos/recido.html: 0
[2021-01-28 21:47:30] EDIT model_two/views/acs_recebimentos/recido.html: 0
[2021-01-28 21:48:19] EDIT model_two/views/acs_recebimentos/recido.html: 0
[2021-01-28 21:50:28] EDIT model_two/views/acs_recebimentos/recido.html: 128
[2021-01-28 21:51:00] EDIT model_two/views/acs_recebimentos/recido.html: 0
[2021-01-28 21:51:31] EDIT model_two/views/acs_recebimentos/recido.html: 0
[2021-01-28 21:52:30] EDIT model_two/views/acs_recebimentos/recido.html: 0
[2021-01-28 21:52:55] EDIT model_two/views/acs_recebimentos/recido.html: 0
[2021-01-28 21:52:58] EDIT model_two/views/acs_recebimentos/recido.html: 0
[2021-01-28 21:53:05] EDIT model_two/views/acs_recebimentos/recido.html: 0
[2021-01-28 21:53:57] EDIT model_two/views/acs_recebimentos/recido.html: 0
[2021-01-28 21:54:48] EDIT model_two/views/acs_recebimentos/recido.html: 0
[2021-01-28 21:56:33] EDIT model_two/views/acs_contratos/contrato_locacao.html: 1
[2021-01-28 21:56:42] EDIT model_two/views/acs_contratos/contrato_locacao.html: 0
[2021-01-28 21:56:54] EDIT model_two/views/acs_contratos/contrato_locacao.html: 0
[2021-01-28 21:57:15] EDIT model_two/views/acs_contratos/contrato_locacao.html: 0
[2021-01-28 21:57:27] EDIT model_two/views/acs_recebimentos/recido.html: 1
[2021-01-28 21:57:36] EDIT model_two/views/acs_recebimentos/recido.html: 0
[2021-01-28 21:58:15] EDIT model_two/views/acs_recebimentos/recido.html: 3
[2021-01-28 21:58:29] EDIT model_two/views/acs_recebimentos/recido.html: 1
[2021-01-28 21:59:03] EDIT model_two/views/acs_recebimentos/recido.html: 0
[2021-01-28 21:59:44] EDIT model_two/views/acs_recebimentos/recido.html: 0
[2021-01-28 22:00:03] EDIT model_two/views/acs_recebimentos/recido.html: 0
[2021-01-28 22:00:15] EDIT model_two/views/acs_recebimentos/recido.html: 2
[2021-01-28 22:00:43] EDIT model_two/views/layout.html: 14
[2021-01-28 22:01:09] EDIT model_two/views/layout.html: 0
[2021-01-28 22:01:36] EDIT model_two/views/layout.html: 0
[2021-01-28 22:01:48] EDIT model_two/views/layout.html: -3
[2021-01-28 22:04:58] EDIT model_two/views/acs_recebimentos/recido.html: 0
[2021-01-28 22:11:33] EDIT model_two/controllers/acs_imoveis.py: 32
[2021-01-28 22:11:43] CREATE acs_imoveis/despesas.html: 0
[2021-01-28 22:30:19] EDIT model_two/views/acs_imoveis/despesas.html: 67
[2021-01-28 22:31:15] EDIT model_two/views/acs_imoveis/despesas.html: 0
[2021-01-28 22:32:47] EDIT model_two/views/acs_imoveis/despesas.html: 1
[2021-01-28 22:37:55] EDIT model_two/views/acs_imoveis/despesas.html: 24
[2021-01-28 22:38:28] EDIT model_two/views/acs_imoveis/despesas.html: 0
[2021-01-28 22:38:45] EDIT model_two/views/acs_imoveis/despesas.html: 0
[2021-01-28 22:50:02] EDIT model_two/views/acs_imoveis/despesas.html: 2
[2021-01-28 22:50:55] EDIT model_two/views/acs_imoveis/despesas.html: 0
[2021-01-28 22:51:34] EDIT model_two/views/acs_imoveis/despesas.html: 0
[2021-01-28 22:51:57] EDIT model_two/views/acs_imoveis/despesas.html: 0
[2021-01-28 22:52:14] EDIT model_two/views/acs_imoveis/despesas.html: 0
[2021-01-28 22:52:32] EDIT model_two/views/acs_imoveis/despesas.html: 0
[2021-01-28 22:52:49] EDIT model_two/views/acs_imoveis/despesas.html: 0
[2021-01-28 22:52:58] EDIT model_two/views/acs_imoveis/despesas.html: 0
[2021-01-28 22:54:01] EDIT model_two/views/acs_imoveis/despesas.html: 0
[2021-01-28 22:54:38] EDIT model_two/views/acs_imoveis/despesas.html: 0
[2021-01-28 22:54:49] EDIT model_two/views/acs_imoveis/despesas.html: 0
[2021-01-28 22:55:33] EDIT model_two/views/acs_imoveis/despesas.html: 0
[2021-01-28 22:55:56] EDIT model_two/views/acs_imoveis/despesas.html: 0
[2021-01-29 00:55:42] EDIT model_two/views/acs_recebimentos/recido.html: 0
[2021-01-29 00:57:04] EDIT model_two/views/acs_imoveis/acessar.html: -4
[2021-01-29 00:57:13] EDIT model_two/views/acs_imoveis/acessar.html: -3
[2021-01-29 01:00:32] EDIT model_two/views/acs_imoveis/despesas.html: 2
[2021-01-29 01:01:02] EDIT model_two/views/acs_imoveis/despesas.html: 0
[2021-01-29 01:03:15] EDIT model_two/controllers/acs_imoveis.py: 21
[2021-01-29 01:04:18] EDIT model_two/views/acs_imoveis/despesas.html: 0
[2021-01-29 01:06:49] EDIT model_two/views/acs_imoveis/despesas.html: 0
[2021-01-29 01:07:10] EDIT model_two/views/acs_imoveis/despesas.html: 0
[2021-01-29 01:07:28] EDIT model_two/views/acs_imoveis/despesas.html: 0
[2021-01-29 01:07:41] EDIT model_two/views/acs_imoveis/despesas.html: 0
[2021-01-29 01:07:53] EDIT model_two/views/acs_imoveis/despesas.html: 0
[2021-01-29 01:08:07] EDIT model_two/views/acs_imoveis/despesas.html: 0
[2021-01-29 01:08:58] EDIT model_two/views/acs_imoveis/despesas.html: 0
[2021-01-29 01:09:14] EDIT model_two/views/acs_imoveis/despesas.html: 0
[2021-01-29 01:10:15] EDIT model_two/views/acs_imoveis/despesas.html: 0
[2021-01-29 01:14:39] EDIT model_two/views/acs_imoveis/despesas.html: 8
[2021-01-29 01:17:14] EDIT model_two/views/acs_imoveis/despesas.html: 3
[2021-01-29 01:17:45] EDIT model_two/views/acs_imoveis/despesas.html: 0
[2021-01-29 01:17:56] EDIT model_two/views/acs_imoveis/despesas.html: 0
[2021-01-29 01:19:07] EDIT model_two/controllers/acs_imoveis.py: 16
[2021-01-29 01:19:34] EDIT model_two/models/db1.py: 0
[2021-01-29 01:20:16] EDIT model_two/controllers/acs_imoveis.py: 0
[2021-01-29 01:22:28] EDIT model_two/views/acs_imoveis/acessar.html: 1
[2021-01-29 01:24:39] EDIT model_two/views/acs_imoveis/despesas.html: 0
[2021-01-29 01:36:47] EDIT model_two/views/acs_imoveis/acessar.html: 31
[2021-01-29 01:37:34] EDIT model_two/views/acs_imoveis/acessar.html: 0
[2021-01-29 01:37:43] EDIT model_two/views/acs_imoveis/acessar.html: 1
[2021-01-29 01:38:18] EDIT model_two/views/acs_imoveis/acessar.html: 1
[2021-01-29 01:40:20] EDIT model_two/views/acs_imoveis/acessar.html: 0
[2021-01-29 01:41:01] EDIT model_two/views/acs_imoveis/acessar.html: 0
[2021-01-29 01:41:31] EDIT model_two/views/acs_imoveis/acessar.html: 1
[2021-01-29 01:43:30] EDIT model_two/views/acs_imoveis/acessar.html: 0
[2021-01-29 01:43:45] EDIT model_two/views/acs_imoveis/acessar.html: 0
[2021-01-29 01:44:55] EDIT model_two/views/acs_imoveis/despesas.html: 14
[2021-01-29 02:45:25] EDIT model_two/controllers/acs_imoveis.py: 0
[2021-01-29 02:48:32] EDIT model_two/controllers/acs_recebimentos.py: 1
[2021-01-29 02:48:45] EDIT model_two/controllers/acs_recebimentos.py: 0
[2021-01-29 02:51:38] EDIT model_two/views/acs_sistema/index.html: 2
[2021-01-29 02:51:55] CREATE acs_despesas.py: 0
[2021-01-29 02:53:18] EDIT model_two/controllers/acs_despesas.py: 32
[2021-01-29 02:53:28] CREATE acs_despesas/index.html: 0
[2021-01-29 02:56:26] EDIT model_two/views/acs_despesas/index.html: 128
[2021-01-29 02:57:41] EDIT model_two/views/acs_recebimentos/index.html: 0
[2021-01-29 02:57:46] EDIT model_two/views/acs_recebimentos/index.html: 0
[2021-01-29 02:58:49] EDIT model_two/controllers/acs_despesas.py: 1
[2021-01-29 02:59:13] EDIT model_two/controllers/acs_despesas.py: 0
[2021-01-29 02:59:31] EDIT model_two/controllers/acs_despesas.py: 0
[2021-01-29 02:59:42] EDIT model_two/controllers/acs_despesas.py: -1
[2021-01-29 02:59:45] EDIT model_two/controllers/acs_despesas.py: 1
[2021-01-29 03:02:07] EDIT model_two/controllers/acs_despesas.py: -11
[2021-01-29 03:02:47] EDIT model_two/views/acs_recebimentos/index.html: 0
[2021-01-29 03:03:08] EDIT model_two/views/acs_despesas/index.html: 0
[2021-01-29 03:04:32] EDIT model_two/views/acs_despesas/index.html: 6
[2021-01-29 03:04:57] EDIT model_two/views/acs_despesas/index.html: 0
[2021-01-29 03:05:49] EDIT model_two/views/acs_despesas/index.html: 0
[2021-01-29 03:07:21] EDIT model_two/controllers/acs_despesas.py: 15
[2021-01-29 03:07:41] EDIT model_two/models/db.py: 0
[2021-01-29 03:10:23] EDIT model_two/controllers/acs_despesas.py: 0
[2021-01-29 03:10:33] EDIT model_two/controllers/acs_despesas.py: 0
[2021-01-29 03:11:21] EDIT model_two/controllers/acs_despesas.py: 0
[2021-01-29 03:12:39] EDIT model_two/controllers/acs_despesas.py: 0
[2021-01-29 03:12:43] EDIT model_two/controllers/acs_despesas.py: 0
[2021-01-29 03:12:59] EDIT model_two/controllers/acs_despesas.py: 0
[2021-01-29 03:14:34] EDIT model_two/views/acs_despesas/index.html: 10
[2021-01-29 03:14:43] EDIT model_two/views/acs_despesas/index.html: 0
[2021-01-29 03:16:58] EDIT model_two/controllers/acs_despesas.py: 16
[2021-01-29 03:17:02] EDIT model_two/controllers/acs_despesas.py: 0
[2021-01-29 03:36:02] CREATE acs_logins.py: 0
[2021-01-29 03:37:08] EDIT model_two/controllers/acs_logins.py: 32
[2021-01-29 03:37:42] EDIT model_two/views/acs_sistema/index.html: 2
[2021-01-29 03:37:55] CREATE acs_logins/index.html: 0
[2021-01-29 03:38:17] EDIT model_two/views/acs_logins/index.html: 116
[2021-01-29 03:40:32] EDIT model_two/views/acs_logins/index.html: -22
[2021-01-29 03:40:50] EDIT model_two/views/acs_logins/index.html: 0
[2021-01-29 03:40:56] EDIT model_two/views/acs_logins/index.html: 0
[2021-01-29 03:41:08] EDIT model_two/views/acs_logins/index.html: 0
[2021-01-29 03:41:58] EDIT model_two/views/acs_logins/index.html: 1
[2021-01-29 03:42:09] EDIT model_two/views/acs_logins/index.html: 0
[2021-01-29 03:44:13] EDIT model_two/controllers/acs_logins.py: 19
[2021-01-29 03:44:57] EDIT model_two/views/acs_logins/index.html: 0
[2021-01-29 03:45:18] EDIT model_two/views/acs_logins/index.html: 0
[2021-01-29 03:46:25] EDIT model_two/controllers/acs_logins.py: 23
[2021-01-29 03:46:33] EDIT model_two/controllers/acs_logins.py: 0
[2021-01-29 03:47:01] EDIT model_two/controllers/acs_logins.py: 2
[2021-01-29 03:47:16] EDIT model_two/controllers/acs_logins.py: 0
[2021-01-29 03:48:25] EDIT model_two/controllers/acs_logins.py: 2
[2021-01-29 03:48:48] EDIT model_two/views/acs_logins/index.html: 1
[2021-01-29 03:49:17] EDIT model_two/views/acs_logins/index.html: -1
[2021-01-29 03:52:17] EDIT model_two/controllers/acs_logins.py: 2
[2021-01-29 03:53:04] EDIT model_two/controllers/acs_logins.py: 1
[2021-01-29 03:53:25] EDIT model_two/controllers/acs_logins.py: 0
[2021-01-29 03:53:55] EDIT model_two/views/acs_logins/index.html: 4
[2021-01-29 03:54:11] EDIT model_two/views/acs_logins/index.html: 3
[2021-01-29 03:54:31] EDIT model_two/views/acs_logins/index.html: -1
[2021-01-29 03:55:06] EDIT model_two/views/acs_logins/index.html: -7
[2021-01-29 03:57:31] EDIT model_two/models/menu.py: 5
[2021-01-29 03:57:57] CREATE acs_relatorios.py: 0
[2021-01-29 04:05:02] CREATE acs_relatorios/index.html: 0
[2021-01-29 04:05:14] EDIT model_two/views/acs_relatorios/index.html: 57
[2021-01-29 04:07:02] EDIT model_two/views/acs_relatorios/index.html: 48
[2021-01-29 04:07:42] EDIT model_two/controllers/acs_relatorios.py: 15
[2021-01-29 04:08:07] EDIT model_two/controllers/acs_relatorios.py: 1
[2021-01-29 04:08:34] EDIT model_two/views/acs_relatorios/index.html: 0
[2021-01-29 04:09:07] EDIT model_two/views/acs_relatorios/index.html: 0
[2021-01-29 04:09:29] EDIT model_two/views/acs_relatorios/index.html: 0
[2021-01-29 04:14:27] EDIT model_two/controllers/acs_relatorios.py: 4
[2021-01-29 04:14:36] EDIT model_two/controllers/acs_relatorios.py: 1
[2021-01-29 04:14:52] EDIT model_two/views/acs_relatorios/index.html: 0
[2021-01-29 04:15:33] EDIT model_two/controllers/acs_relatorios.py: 1
[2021-01-29 04:16:46] EDIT model_two/views/acs_relatorios/index.html: 0
[2021-01-29 04:17:00] EDIT model_two/views/acs_relatorios/index.html: 0
[2021-01-29 04:17:26] EDIT model_two/views/acs_relatorios/index.html: 0
[2021-01-29 04:18:02] EDIT model_two/views/acs_relatorios/index.html: 0
[2021-01-29 04:18:40] EDIT model_two/views/acs_recebimentos/index.html: 0
[2021-01-29 04:18:45] EDIT model_two/views/acs_recebimentos/index.html: 4
[2021-01-29 04:20:47] EDIT model_two/controllers/acs_relatorios.py: 5
[2021-01-29 04:20:58] EDIT model_two/views/acs_relatorios/index.html: 0
[2021-01-29 04:22:22] EDIT model_two/controllers/acs_relatorios.py: 0
[2021-01-29 04:23:15] EDIT model_two/controllers/acs_relatorios.py: 0
[2021-01-29 04:24:44] EDIT model_two/controllers/acs_relatorios.py: 7
[2021-01-29 04:25:26] EDIT model_two/controllers/acs_relatorios.py: 0
[2021-01-29 04:25:41] EDIT model_two/views/acs_relatorios/index.html: 0
[2021-01-29 04:26:20] EDIT model_two/controllers/acs_relatorios.py: 0
[2021-01-29 04:28:53] EDIT model_two/controllers/acs_relatorios.py: 6
[2021-01-29 04:29:10] EDIT model_two/views/acs_relatorios/index.html: 0
[2021-01-29 04:30:56] EDIT model_two/controllers/acs_relatorios.py: 6
[2021-01-29 04:31:10] EDIT model_two/views/acs_relatorios/index.html: 0
[2021-01-29 04:33:18] EDIT model_two/controllers/acs_relatorios.py: 1
[2021-01-29 04:33:28] EDIT model_two/views/acs_relatorios/index.html: 1
[2021-01-29 04:34:45] EDIT model_two/controllers/acs_relatorios.py: 0
[2021-01-29 04:34:48] EDIT model_two/controllers/acs_relatorios.py: -1
[2021-01-29 04:34:54] EDIT model_two/views/acs_relatorios/index.html: -1
[2021-01-29 04:35:52] EDIT model_two/views/acs_relatorios/index.html: 1
[2021-01-29 04:37:51] EDIT model_two/views/acs_relatorios/index.html: 4
[2021-01-29 04:38:52] EDIT model_two/views/acs_relatorios/index.html: 1
[2021-01-29 04:40:01] EDIT model_two/views/acs_relatorios/index.html: 0
[2021-01-29 04:42:03] EDIT model_two/controllers/acs_relatorios.py: 0
[2021-01-29 04:43:22] EDIT model_two/views/acs_sistema/index.html: 2
[2021-01-29 04:47:22] EDIT model_two/controllers/acs_imoveis.py: 9
[2021-01-29 04:47:49] EDIT model_two/controllers/acs_imoveis.py: 0
[2021-01-29 04:49:16] EDIT model_two/controllers/acs_imoveis.py: 3
[2021-01-29 04:50:34] EDIT model_two/views/acs_imoveis/acessar.html: 2
[2021-01-29 04:52:20] EDIT model_two/views/acs_imoveis/acessar.html: 0
[2021-01-29 05:05:38] EDIT model_two/controllers/acs_recebimentos.py: 10
[2021-01-29 05:07:36] EDIT model_two/controllers/acs_recebimentos.py: 3
[2021-01-29 05:09:36] EDIT model_two/controllers/acs_recebimentos.py: 0
[2021-01-29 05:12:21] EDIT model_two/controllers/acs_contratos.py: 8
[2021-01-29 05:15:24] EDIT model_two/controllers/acs_contratos.py: 4
[2021-01-29 05:17:33] EDIT model_two/controllers/acs_contratos.py: -3
[2021-01-29 05:25:41] EDIT model_two/controllers/acs_contratos.py: -7
[2021-01-29 05:26:25] EDIT model_two/controllers/acs_contratos.py: 7
[2021-01-29 05:27:19] EDIT model_two/controllers/acs_contratos.py: 0
[2021-01-29 05:33:27] EDIT model_two/views/acs_recebimentos/index.html: 14
[2021-01-29 05:34:14] EDIT model_two/views/acs_recebimentos/index.html: 0
[2021-01-29 05:35:36] EDIT model_two/controllers/acs_recebimentos.py: 0
[2021-01-29 05:36:28] EDIT model_two/views/acs_recebimentos/index.html: 0
[2021-01-29 05:36:39] EDIT model_two/views/acs_recebimentos/index.html: 0
[2021-01-29 05:38:07] EDIT model_two/views/acs_recebimentos/index.html: 0
[2021-01-29 05:38:23] EDIT model_two/views/acs_recebimentos/index.html: 0
[2021-01-29 05:40:37] EDIT model_two/views/acs_imoveis/index.html: 1
[2021-01-29 05:41:06] EDIT model_two/views/acs_imoveis/index.html: 0
[2021-01-29 05:43:39] EDIT model_two/views/acs_imoveis/index.html: 0
[2021-01-29 05:43:48] EDIT model_two/views/acs_imoveis/index.html: 0
[2021-01-29 05:47:39] EDIT model_two/views/acs_imoveis/acessar.html: 0
[2021-01-29 05:48:10] EDIT model_two/views/acs_imoveis/index.html: 0
[2021-01-29 05:48:52] EDIT model_two/views/acs_imoveis/index.html: 0
[2021-01-29 05:49:08] EDIT model_two/views/acs_imoveis/index.html: 0
[2021-01-29 05:49:37] EDIT model_two/views/acs_imoveis/index.html: 0
[2021-01-29 05:50:02] EDIT model_two/views/acs_imoveis/index.html: 0
[2021-01-29 05:50:10] EDIT model_two/views/acs_imoveis/index.html: 0
[2021-01-29 05:50:25] EDIT model_two/views/acs_imoveis/index.html: 0
[2021-01-29 05:50:46] EDIT model_two/views/acs_imoveis/index.html: 0
[2021-01-29 05:51:31] EDIT model_two/views/acs_imoveis/index.html: 0
[2021-01-29 05:53:30] EDIT model_two/views/acs_imoveis/index.html: 0
[2021-01-29 05:53:47] EDIT model_two/views/acs_imoveis/index.html: 0
[2021-01-29 05:58:20] EDIT model_two/views/acs_imoveis/index.html: 0
[2021-01-29 05:58:36] EDIT model_two/views/acs_imoveis/index.html: 0
[2021-01-29 06:00:00] EDIT model_two/views/acs_imoveis/index.html: 0
[2021-01-29 06:00:13] EDIT model_two/views/acs_imoveis/index.html: 0
[2021-01-29 06:01:27] EDIT model_two/views/acs_imoveis/index.html: 0
[2021-01-29 06:01:38] EDIT model_two/views/acs_imoveis/index.html: 0
[2021-01-29 06:01:54] EDIT model_two/views/acs_imoveis/index.html: 0
[2021-01-29 06:03:52] EDIT model_two/views/acs_imoveis/index.html: 1
[2021-01-29 06:05:22] EDIT model_two/views/acs_imoveis/index.html: 0
[2021-01-29 06:05:44] EDIT model_two/views/acs_imoveis/index.html: 0
[2021-01-29 06:06:48] EDIT model_two/views/acs_imoveis/index.html: 0
[2021-01-29 06:07:00] EDIT model_two/views/acs_imoveis/index.html: 0
[2021-01-29 06:07:37] EDIT model_two/views/acs_imoveis/index.html: 0
[2021-01-29 06:07:57] EDIT model_two/views/acs_imoveis/index.html: 0
[2021-01-29 06:16:35] EDIT model_two/controllers/acs_imoveis.py: 7
[2021-01-29 06:17:16] EDIT model_two/controllers/acs_imoveis.py: 0
[2021-01-29 06:19:32] EDIT model_two/controllers/acs_imoveis.py: 0
[2021-01-29 06:20:12] EDIT model_two/controllers/acs_imoveis.py: 0
[2021-01-29 06:21:28] EDIT model_two/controllers/acs_imoveis.py: -1
[2021-01-29 06:23:18] EDIT model_two/views/acs_imoveis/index.html: -2
[2021-01-29 06:23:40] EDIT model_two/views/acs_imoveis/index.html: 0
[2021-01-29 16:32:07] EDIT model_two/views/default/index.html: 0
[2021-01-29 16:32:18] EDIT model_two/views/default/index.html: 0
[2021-01-29 16:33:41] EDIT model_two/views/default/index.html: 2
[2021-01-29 16:33:53] EDIT model_two/views/default/index.html: 0
[2021-01-29 16:34:19] EDIT model_two/views/default/index.html: 0
[2021-01-29 16:44:31] EDIT model_two/views/acs_administrativo/index.html: 0
[2021-01-29 16:49:21] EDIT model_two/controllers/acs_recebimentos.py: 13
[2021-01-29 16:51:16] EDIT model_two/views/acs_recebimentos/recido.html: 3
[2021-01-29 16:51:49] EDIT model_two/views/acs_recebimentos/recido.html: 0
[2021-01-29 16:52:02] EDIT model_two/views/acs_recebimentos/recido.html: 0
[2021-01-29 16:52:10] EDIT model_two/views/acs_recebimentos/recido.html: 0
[2021-01-29 16:52:46] EDIT model_two/views/acs_recebimentos/recido.html: -2
[2021-01-29 16:52:55] EDIT model_two/views/acs_recebimentos/recido.html: 0
[2021-01-29 16:52:59] EDIT model_two/views/acs_recebimentos/recido.html: 0
[2021-01-29 16:53:31] EDIT model_two/views/acs_recebimentos/recido.html: 0
[2021-01-29 16:53:42] EDIT model_two/views/acs_recebimentos/recido.html: 0
[2021-01-29 16:53:49] EDIT model_two/views/acs_recebimentos/recido.html: 0
[2021-01-29 16:54:30] EDIT model_two/views/acs_recebimentos/recido.html: 0
[2021-01-29 16:54:49] EDIT model_two/views/acs_recebimentos/recido.html: 0
[2021-01-29 16:55:43] EDIT model_two/views/acs_recebimentos/recido.html: 3
[2021-01-29 16:56:00] EDIT model_two/views/acs_recebimentos/recido.html: 3
[2021-01-29 16:57:08] EDIT model_two/views/acs_contratos/contrato_locacao.html: 0
[2021-01-29 16:58:15] EDIT model_two/views/acs_contratos/contrato_locacao.html: 13
[2021-01-29 16:59:24] EDIT model_two/models/db.py: 0
[2021-01-29 18:04:31] EDIT model_two/views/acs_despesas/index.html: -11
[2021-01-29 18:07:23] EDIT model_two/views/acs_despesas/index.html: 11
[2021-01-29 18:07:55] EDIT model_two/views/acs_despesas/index.html: 0
[2021-01-29 18:08:15] EDIT model_two/views/acs_despesas/index.html: 0
[2021-01-29 18:08:36] EDIT model_two/views/acs_despesas/index.html: 0
[2021-01-29 18:08:41] EDIT model_two/views/acs_despesas/index.html: 0
[2021-01-29 18:10:44] EDIT model_two/views/acs_despesas/index.html: -1
[2021-01-29 18:10:58] EDIT model_two/views/acs_despesas/index.html: 0
[2021-01-30 17:06:06] EDIT model_two/controllers/acs_clientes.py: 7
[2021-01-30 17:11:20] EDIT model_two/controllers/acs_sistema.py: 9
[2021-01-30 17:11:54] EDIT model_two/controllers/acs_sistema.py: 0
[2021-01-30 17:12:23] EDIT model_two/controllers/acs_sistema.py: 1
[2021-01-30 17:14:28] EDIT model_two/controllers/acs_clientes.py: 0
[2021-01-30 17:14:45] EDIT model_two/controllers/acs_clientes.py: 0
[2021-01-30 17:22:10] EDIT model_two/controllers/acs_clientes.py: 9
[2021-01-30 17:22:33] EDIT model_two/controllers/acs_clientes.py: 0
[2021-01-30 17:23:01] EDIT model_two/controllers/acs_clientes.py: 0
[2021-01-30 17:23:28] EDIT model_two/controllers/acs_clientes.py: 0
[2021-01-30 17:26:10] EDIT model_two/views/acs_clientes/index.html: 9
[2021-01-30 17:26:38] EDIT model_two/views/acs_clientes/index.html: 0
[2021-01-30 17:28:02] EDIT model_two/views/acs_clientes/index.html: 0
[2021-01-30 17:29:04] EDIT model_two/views/acs_clientes/index.html: 0
[2021-01-30 17:29:40] EDIT model_two/views/acs_clientes/index.html: -4
[2021-01-30 17:31:28] EDIT model_two/controllers/acs_clientes.py: 7
[2021-01-30 17:33:51] EDIT model_two/controllers/acs_clientes.py: 7
[2021-01-30 17:34:39] EDIT model_two/controllers/acs_clientes.py: 0
[2021-01-30 17:36:08] EDIT model_two/controllers/acs_clientes.py: 7
[2021-01-30 17:38:11] EDIT model_two/models/menu.py: 3
[2021-01-30 17:39:02] EDIT model_two/models/menu.py: 0
[2021-01-30 17:40:42] EDIT model_two/controllers/acs_imoveis.py: 31
[2021-01-30 17:41:07] EDIT model_two/views/acs_imoveis/index.html: 5
[2021-01-30 18:14:31] EDIT model_two/views/acs_recebimentos/index.html: 5
[2021-01-30 18:15:45] EDIT model_two/views/acs_recebimentos/index.html: 0
[2021-01-30 18:16:27] EDIT model_two/views/acs_recebimentos/index.html: 0
[2021-01-30 18:16:48] EDIT model_two/views/acs_recebimentos/index.html: 0
[2021-01-30 18:29:26] EDIT model_two/controllers/acs_contratos.py: 7
[2021-01-30 18:29:46] EDIT model_two/controllers/acs_contratos.py: 0
[2021-01-30 18:29:48] EDIT model_two/controllers/acs_contratos.py: 0
[2021-01-30 18:30:56] EDIT model_two/views/acs_contratos/acessar.html: 2
[2021-01-30 18:31:24] EDIT model_two/views/acs_contratos/acessar.html: 2
[2021-01-30 18:31:45] EDIT model_two/views/acs_contratos/acessar.html: 0
[2021-01-30 18:32:03] EDIT model_two/views/acs_contratos/acessar.html: 0
[2021-01-30 18:35:42] EDIT model_two/controllers/acs_clientes.py: 14
[2021-01-30 18:36:04] EDIT model_two/controllers/acs_clientes.py: 0
[2021-01-30 18:38:15] EDIT model_two/controllers/acs_imoveis.py: 14
[2021-01-30 18:46:35] EDIT model_two/controllers/acs_imoveis.py: 7
[2021-01-30 18:46:58] EDIT model_two/controllers/acs_imoveis.py: 0
[2021-01-30 18:47:11] EDIT model_two/controllers/acs_imoveis.py: 0
[2021-01-30 18:47:12] EDIT model_two/controllers/acs_imoveis.py: 0
[2021-01-30 18:48:34] EDIT model_two/controllers/acs_imoveis.py: 0
[2021-01-30 18:49:23] EDIT model_two/controllers/acs_imoveis.py: 0
[2021-01-30 18:49:39] EDIT model_two/controllers/acs_imoveis.py: 0
[2021-01-30 18:50:02] EDIT model_two/controllers/acs_imoveis.py: 1
[2021-01-30 18:51:01] EDIT model_two/controllers/acs_imoveis.py: -1
[2021-01-30 18:52:05] EDIT model_two/views/acs_imoveis/index.html: 3
[2021-01-30 18:52:09] EDIT model_two/views/acs_imoveis/index.html: 0
[2021-01-30 18:54:57] EDIT model_two/controllers/acs_imoveis.py: 8
[2021-01-30 18:55:37] EDIT model_two/controllers/acs_imoveis.py: 0
[2021-01-30 20:55:22] EDIT model_two/views/acs_administrativo/index.html: -5
[2021-01-30 20:56:22] EDIT model_two/views/acs_administrativo/index.html: 0
[2021-01-30 20:56:55] EDIT model_two/controllers/acs_administrativo.py: 2
[2021-01-30 20:57:01] EDIT model_two/controllers/acs_administrativo.py: 0
[2021-01-30 20:57:14] EDIT model_two/controllers/acs_imoveis.py: 2
[2021-01-30 20:57:25] CREATE acs_imoveis/disponiveis.html: 0
[2021-01-30 20:57:34] EDIT model_two/views/acs_imoveis/disponiveis.html: 0
[2021-01-30 20:57:53] EDIT model_two/controllers/acs_administrativo.py: 0
[2021-01-30 20:58:00] CREATE acs_administrativo/relatorio.html: 0
[2021-01-30 20:58:12] EDIT model_two/views/acs_administrativo/relatorio.html: 64
[2021-01-30 20:58:40] EDIT model_two/controllers/acs_administrativo.py: 2
[2021-01-30 20:59:42] EDIT model_two/views/acs_administrativo/relatorio.html: 0
[2021-01-30 21:03:43] EDIT model_two/controllers/acs_administrativo.py: 3
[2021-01-30 21:04:04] EDIT model_two/controllers/acs_administrativo.py: 0
[2021-01-30 21:04:51] EDIT model_two/controllers/acs_administrativo.py: 2
[2021-01-30 21:05:01] EDIT model_two/controllers/acs_administrativo.py: 0
[2021-01-30 21:06:31] EDIT model_two/controllers/acs_administrativo.py: 2
[2021-01-30 21:09:19] EDIT model_two/controllers/acs_administrativo.py: 8
[2021-01-30 21:09:46] EDIT model_two/controllers/acs_administrativo.py: -1
[2021-01-30 21:10:24] EDIT model_two/controllers/acs_administrativo.py: 0
[2021-01-30 21:10:38] EDIT model_two/controllers/acs_administrativo.py: 0
[2021-01-30 21:11:31] EDIT model_two/views/acs_administrativo/relatorio.html: 0
[2021-01-30 21:12:24] EDIT model_two/views/acs_administrativo/relatorio.html: 3
[2021-01-30 21:12:42] EDIT model_two/views/acs_administrativo/relatorio.html: 0
[2021-01-30 21:13:57] EDIT model_two/views/acs_administrativo/relatorio.html: 3
[2021-01-30 21:18:45] EDIT model_two/views/acs_administrativo/relatorio.html: 22
[2021-01-30 21:18:51] EDIT model_two/views/acs_administrativo/relatorio.html: 0
[2021-01-30 21:20:59] EDIT model_two/views/acs_administrativo/relatorio.html: 7
[2021-01-30 21:21:59] EDIT model_two/views/acs_administrativo/relatorio.html: 0
[2021-01-30 21:22:18] EDIT model_two/views/acs_administrativo/relatorio.html: 0
[2021-01-30 21:22:59] EDIT model_two/views/acs_administrativo/relatorio.html: 0
[2021-01-30 21:23:44] EDIT model_two/views/acs_administrativo/relatorio.html: 0
[2021-01-30 21:25:35] EDIT model_two/controllers/acs_administrativo.py: 7
[2021-01-30 21:27:28] EDIT model_two/controllers/acs_administrativo.py: 7
[2021-01-30 21:28:14] EDIT model_two/controllers/acs_administrativo.py: 7
[2021-01-30 21:31:08] EDIT model_two/controllers/acs_administrativo.py: 42
[2021-01-30 21:31:22] EDIT model_two/controllers/acs_administrativo.py: 1
[2021-01-30 21:31:54] EDIT model_two/views/acs_administrativo/relatorio.html: 33
[2021-01-30 21:32:29] EDIT model_two/views/acs_administrativo/relatorio.html: 0
[2021-01-30 21:32:50] EDIT model_two/views/acs_administrativo/relatorio.html: 0
[2021-01-30 21:33:25] EDIT model_two/views/acs_administrativo/relatorio.html: 0
[2021-01-30 21:34:02] EDIT model_two/views/acs_administrativo/relatorio.html: 0
[2021-01-30 21:34:12] EDIT model_two/views/acs_administrativo/relatorio.html: 0
[2021-01-30 21:34:18] EDIT model_two/views/acs_administrativo/relatorio.html: 0
[2021-01-30 21:35:11] EDIT model_two/views/acs_administrativo/relatorio.html: 4
[2021-01-30 21:36:42] EDIT model_two/views/acs_administrativo/relatorio.html: 0
[2021-01-30 21:38:23] EDIT model_two/controllers/acs_administrativo.py: 0
[2021-01-30 21:40:03] EDIT model_two/views/acs_administrativo/relatorio.html: 0
[2021-01-30 21:43:37] EDIT model_two/controllers/acs_administrativo.py: 2
[2021-01-30 21:43:47] EDIT model_two/views/acs_administrativo/relatorio.html: 1
[2021-01-30 21:46:52] EDIT model_two/controllers/acs_administrativo.py: 0
[2021-01-30 21:47:14] EDIT model_two/controllers/acs_administrativo.py: -2
[2021-01-30 21:47:18] EDIT model_two/views/acs_administrativo/relatorio.html: -1
[2021-01-30 21:48:07] EDIT model_two/views/acs_administrativo/relatorio.html: 2
[2021-01-30 21:49:06] EDIT model_two/controllers/acs_administrativo.py: 0
[2021-01-30 21:51:15] EDIT model_two/controllers/acs_administrativo.py: 6
[2021-01-30 21:51:24] EDIT model_two/views/acs_administrativo/relatorio.html: 0
[2021-01-30 21:52:57] EDIT model_two/views/acs_administrativo/relatorio.html: 0
[2021-01-30 21:54:45] EDIT model_two/views/acs_administrativo/relatorio.html: -18
[2021-01-30 21:56:29] EDIT model_two/views/acs_administrativo/relatorio.html: 3
[2021-01-30 21:57:00] EDIT model_two/views/acs_administrativo/relatorio.html: 0
[2021-01-30 21:57:24] EDIT model_two/views/acs_administrativo/relatorio.html: 0
[2021-01-30 21:57:53] EDIT model_two/views/acs_administrativo/relatorio.html: 0
[2021-01-30 21:58:21] EDIT model_two/views/acs_administrativo/relatorio.html: 0
[2021-01-30 21:58:53] EDIT model_two/views/acs_administrativo/relatorio.html: 0
[2021-01-30 21:59:02] EDIT model_two/views/acs_administrativo/relatorio.html: 0
[2021-01-30 21:59:52] EDIT model_two/controllers/acs_relatorios.py: 1
[2021-01-30 22:00:12] EDIT model_two/controllers/acs_recebimentos.py: 2
[2021-01-30 22:00:19] EDIT model_two/controllers/acs_logins.py: 1
[2021-01-30 22:00:39] EDIT model_two/controllers/acs_imoveis.py: 5
[2021-01-30 22:01:28] EDIT model_two/controllers/acs_contratos.py: 5
[2021-01-30 22:01:41] EDIT model_two/controllers/acs_clientes.py: 1
[2021-01-30 22:01:58] EDIT model_two/controllers/acs_administrativo.py: 3
[2021-01-30 22:09:02] EDIT model_two/controllers/acs_contratos.py: 0
[2021-01-30 22:14:26] EDIT model_two/controllers/acs_imoveis.py: 27
[2021-01-30 22:14:53] EDIT model_two/views/acs_imoveis/disponiveis.html: 113
[2021-01-30 22:15:19] EDIT model_two/views/acs_imoveis/disponiveis.html: -24
[2021-01-30 22:15:33] EDIT model_two/views/acs_imoveis/disponiveis.html: -1
[2021-01-30 22:16:05] EDIT model_two/controllers/acs_imoveis.py: 0
[2021-01-30 22:17:02] EDIT model_two/controllers/acs_imoveis.py: 0
[2021-01-30 22:18:24] EDIT model_two/controllers/acs_imoveis.py: 1
[2021-01-30 22:18:55] EDIT model_two/views/acs_imoveis/disponiveis.html: -8
[2021-01-30 22:19:19] EDIT model_two/views/acs_imoveis/disponiveis.html: -19
[2021-01-30 22:22:46] EDIT model_two/views/acs_imoveis/disponiveis.html: -4
[2021-01-30 22:23:39] EDIT model_two/views/acs_imoveis/disponiveis.html: 0
[2021-01-30 22:23:49] EDIT model_two/views/acs_imoveis/disponiveis.html: 0
[2021-01-30 22:25:16] EDIT model_two/models/db.py: 0
[2021-01-30 22:25:20] EDIT model_two/models/db.py: 0
[2021-01-31 00:24:55] EDIT model_two/views/acs_sistema/index.html: 0
[2021-01-31 00:26:01] EDIT model_two/views/acs_sistema/index.html: 0
[2021-01-31 00:28:39] EDIT model_two/controllers/acs_relatorios.py: 5
[2021-01-31 00:29:04] EDIT model_two/views/acs_relatorios/index.html: -42
[2021-01-31 00:29:46] EDIT model_two/views/acs_relatorios/index.html: 0
[2021-01-31 00:30:10] EDIT model_two/views/acs_relatorios/index.html: 0
[2021-01-31 00:32:12] EDIT model_two/views/acs_relatorios/index.html: 0
[2021-01-31 00:32:24] EDIT model_two/views/acs_relatorios/index.html: 0
[2021-01-31 00:32:27] EDIT model_two/views/acs_relatorios/index.html: 0
[2021-01-31 00:33:12] EDIT model_two/views/acs_relatorios/index.html: 0
[2021-01-31 00:33:29] EDIT model_two/views/acs_relatorios/index.html: 0
[2021-01-31 00:33:37] EDIT model_two/views/acs_relatorios/index.html: 0
[2021-01-31 00:33:56] EDIT model_two/views/acs_relatorios/index.html: 0
[2021-01-31 00:34:08] EDIT model_two/views/acs_relatorios/index.html: 0
[2021-01-31 00:34:18] EDIT model_two/views/acs_relatorios/index.html: 0
[2021-01-31 00:34:27] EDIT model_two/views/acs_relatorios/index.html: 0
[2021-01-31 00:34:31] EDIT model_two/views/acs_relatorios/index.html: 0
[2021-01-31 00:39:15] EDIT model_two/views/acs_relatorios/index.html: 0
[2021-01-31 00:39:53] EDIT model_two/views/acs_relatorios/index.html: 0
[2021-01-31 00:40:22] EDIT model_two/views/acs_relatorios/index.html: 0
[2021-01-31 00:41:10] EDIT model_two/views/acs_relatorios/index.html: 0
[2021-01-31 00:41:16] EDIT model_two/views/acs_relatorios/index.html: 0
[2021-01-31 00:41:55] EDIT model_two/views/acs_relatorios/index.html: 0
[2021-01-31 00:42:32] EDIT model_two/views/acs_relatorios/index.html: 0
[2021-01-31 00:43:14] EDIT model_two/views/acs_relatorios/index.html: 0
[2021-01-31 00:43:30] EDIT model_two/views/acs_relatorios/index.html: 0
[2021-01-31 00:44:14] EDIT model_two/views/acs_relatorios/index.html: 0
[2021-01-31 00:44:27] EDIT model_two/views/acs_relatorios/index.html: 0
[2021-01-31 00:44:39] EDIT model_two/views/acs_relatorios/index.html: 0
[2021-01-31 00:45:06] EDIT model_two/views/acs_relatorios/index.html: 0
[2021-01-31 00:45:17] EDIT model_two/views/acs_relatorios/index.html: 0
[2021-01-31 00:45:27] EDIT model_two/views/acs_relatorios/index.html: 0
[2021-01-31 00:56:08] EDIT model_two/views/acs_relatorios/index.html: 3
[2021-01-31 00:58:11] EDIT model_two/views/acs_relatorios/index.html: 26
[2021-01-31 00:58:31] EDIT model_two/views/acs_relatorios/index.html: 0
[2021-01-31 00:59:18] EDIT model_two/views/acs_relatorios/index.html: 0
[2021-01-31 00:59:51] EDIT model_two/views/acs_relatorios/index.html: 1
[2021-01-31 01:01:07] EDIT model_two/views/acs_relatorios/index.html: 0
[2021-01-31 01:02:26] EDIT model_two/views/acs_relatorios/index.html: 13
[2021-01-31 01:03:45] EDIT model_two/views/acs_relatorios/index.html: 0
[2021-01-31 01:04:03] EDIT model_two/views/acs_relatorios/index.html: 0
[2021-01-31 01:04:15] EDIT model_two/views/acs_relatorios/index.html: 0
[2021-01-31 01:04:47] EDIT model_two/views/acs_relatorios/index.html: 0
[2021-01-31 01:05:40] EDIT model_two/views/acs_relatorios/index.html: 0
[2021-01-31 01:06:39] EDIT model_two/views/acs_relatorios/index.html: -13
[2021-01-31 01:06:54] EDIT model_two/views/acs_relatorios/index.html: 0
[2021-01-31 01:07:42] EDIT model_two/views/acs_relatorios/index.html: 13
[2021-01-31 01:07:49] EDIT model_two/views/acs_relatorios/index.html: 0
[2021-01-31 01:08:22] EDIT model_two/views/acs_relatorios/index.html: 0
[2021-01-31 01:08:28] EDIT model_two/views/acs_relatorios/index.html: 0
[2021-01-31 01:09:41] EDIT model_two/views/acs_relatorios/index.html: 0
[2021-01-31 01:09:59] EDIT model_two/views/acs_relatorios/index.html: 0
[2021-01-31 01:10:12] EDIT model_two/views/acs_relatorios/index.html: 0
[2021-01-31 01:15:25] EDIT model_two/views/acs_relatorios/index.html: 0
[2021-01-31 01:15:49] EDIT model_two/views/acs_relatorios/index.html: 0
[2021-01-31 01:15:57] EDIT model_two/views/acs_relatorios/index.html: 0
[2021-01-31 01:16:55] EDIT model_two/views/acs_relatorios/index.html: 1
[2021-01-31 01:16:57] EDIT model_two/views/acs_relatorios/index.html: 0
[2021-01-31 01:18:28] EDIT model_two/views/acs_relatorios/index.html: 0
[2021-01-31 01:19:10] EDIT model_two/views/acs_relatorios/index.html: 0
[2021-01-31 01:19:49] EDIT model_two/views/acs_relatorios/index.html: -18
[2021-01-31 01:20:09] EDIT model_two/views/acs_relatorios/index.html: 0
[2021-01-31 01:20:16] EDIT model_two/views/acs_relatorios/index.html: 0
[2021-01-31 01:20:34] EDIT model_two/views/acs_relatorios/index.html: 0
[2021-01-31 01:22:49] EDIT model_two/views/acs_relatorios/index.html: 0
[2021-01-31 01:25:51] EDIT model_two/views/acs_relatorios/index.html: 0
[2021-01-31 01:27:16] EDIT model_two/views/acs_relatorios/index.html: 0
[2021-01-31 01:27:28] EDIT model_two/views/acs_relatorios/index.html: 0
[2021-01-31 01:27:42] EDIT model_two/views/acs_relatorios/index.html: 18
[2021-01-31 01:27:56] EDIT model_two/views/acs_relatorios/index.html: 0
[2021-01-31 01:28:04] EDIT model_two/views/acs_relatorios/index.html: 0
[2021-01-31 01:28:14] EDIT model_two/views/acs_relatorios/index.html: -1
[2021-01-31 01:28:28] EDIT model_two/views/acs_relatorios/index.html: 1
[2021-01-31 01:28:36] EDIT model_two/views/acs_relatorios/index.html: 0
[2021-01-31 01:29:20] EDIT model_two/views/acs_relatorios/index.html: 0
[2021-01-31 01:29:52] EDIT model_two/views/acs_relatorios/index.html: -17
[2021-01-31 01:30:10] EDIT model_two/views/acs_relatorios/index.html: -9
[2021-01-31 01:30:27] EDIT model_two/views/acs_relatorios/index.html: 0
[2021-01-31 01:30:48] EDIT model_two/views/acs_relatorios/index.html: 26
[2021-01-31 01:31:42] EDIT model_two/views/acs_relatorios/index.html: -9
[2021-01-31 01:31:47] EDIT model_two/views/acs_relatorios/index.html: 9
[2021-01-31 01:32:07] EDIT model_two/views/acs_relatorios/index.html: 0
[2021-01-31 01:32:12] EDIT model_two/views/acs_relatorios/index.html: 0
[2021-01-31 01:32:14] EDIT model_two/views/acs_relatorios/index.html: 0
[2021-01-31 01:33:55] EDIT model_two/views/acs_relatorios/index.html: 0
[2021-01-31 01:34:12] EDIT model_two/views/acs_relatorios/index.html: 0
[2021-01-31 01:34:33] EDIT model_two/views/acs_relatorios/index.html: 0
[2021-01-31 01:35:34] EDIT model_two/views/acs_relatorios/index.html: 0
[2021-01-31 01:36:33] EDIT model_two/views/acs_relatorios/index.html: 0
[2021-01-31 01:37:19] EDIT model_two/views/acs_relatorios/index.html: 0
[2021-01-31 01:39:14] EDIT model_two/views/acs_relatorios/index.html: 0
[2021-01-31 01:39:36] EDIT model_two/views/acs_relatorios/index.html: 0
[2021-01-31 01:42:22] EDIT model_two/views/acs_relatorios/index.html: 2
[2021-01-31 01:42:55] EDIT model_two/views/acs_relatorios/index.html: 0
[2021-01-31 01:43:01] EDIT model_two/views/acs_relatorios/index.html: 0
[2021-01-31 01:43:15] EDIT model_two/views/acs_relatorios/index.html: 0
[2021-01-31 01:43:23] EDIT model_two/views/acs_relatorios/index.html: 1
[2021-01-31 01:44:01] EDIT model_two/views/acs_relatorios/index.html: 0
[2021-01-31 01:45:41] EDIT model_two/views/acs_administrativo/relatorio.html: 3
[2021-01-31 01:45:54] EDIT model_two/views/acs_administrativo/relatorio.html: 0
[2021-01-31 01:46:24] EDIT model_two/views/acs_administrativo/relatorio.html: 40
[2021-01-31 01:47:42] EDIT model_two/views/acs_administrativo/relatorio.html: 1
[2021-01-31 01:48:02] EDIT model_two/views/acs_administrativo/relatorio.html: 0
[2021-01-31 01:48:24] EDIT model_two/views/acs_administrativo/relatorio.html: 1
[2021-01-31 01:48:43] EDIT model_two/views/acs_administrativo/relatorio.html: 0
[2021-01-31 01:49:36] EDIT model_two/views/acs_administrativo/relatorio.html: 0
[2021-01-31 01:49:58] EDIT model_two/views/acs_administrativo/relatorio.html: -1
[2021-01-31 01:51:07] EDIT model_two/views/acs_administrativo/relatorio.html: 0
[2021-01-31 01:52:03] EDIT model_two/views/acs_administrativo/relatorio.html: 0
[2021-01-31 01:57:06] EDIT model_two/views/acs_administrativo/relatorio.html: 0
[2021-01-31 02:01:02] EDIT model_two/views/acs_administrativo/relatorio.html: 0
[2021-01-31 02:02:50] EDIT model_two/views/acs_administrativo/relatorio.html: 0
[2021-01-31 02:07:33] EDIT model_two/views/acs_administrativo/relatorio.html: 0
[2021-01-31 02:07:56] EDIT model_two/views/acs_administrativo/relatorio.html: 0
[2021-01-31 02:08:35] EDIT model_two/views/acs_administrativo/relatorio.html: 0
[2021-01-31 02:09:05] EDIT model_two/views/acs_administrativo/relatorio.html: 0
[2021-01-31 02:09:20] EDIT model_two/views/acs_administrativo/relatorio.html: 0
[2021-01-31 02:09:56] EDIT model_two/views/acs_administrativo/relatorio.html: 0
[2021-01-31 02:10:47] EDIT model_two/views/acs_administrativo/relatorio.html: 0
[2021-01-31 02:11:13] EDIT model_two/views/acs_administrativo/relatorio.html: 0
[2021-01-31 02:13:12] EDIT model_two/views/acs_sistema/index.html: 2
[2021-01-31 02:15:48] EDIT model_two/views/acs_clientes/index.html: -1
[2021-01-31 02:15:56] EDIT model_two/views/acs_clientes/index.html: 0
[2021-01-31 02:16:07] EDIT model_two/views/acs_clientes/index.html: 0
[2021-01-31 02:16:55] EDIT model_two/views/acs_clientes/index.html: 4
[2021-01-31 02:17:22] EDIT model_two/views/acs_clientes/index.html: 0
[2021-01-31 02:20:03] EDIT model_two/views/acs_clientes/acessar.html: 20
[2021-01-31 02:20:32] EDIT model_two/views/acs_clientes/acessar.html: 0
[2021-01-31 02:20:40] EDIT model_two/views/acs_clientes/acessar.html: 0
[2021-01-31 02:20:45] EDIT model_two/views/acs_clientes/acessar.html: 0
[2021-01-31 02:20:56] EDIT model_two/views/acs_clientes/acessar.html: 0
[2021-01-31 02:21:25] EDIT model_two/views/acs_clientes/acessar.html: 0
[2021-01-31 02:21:53] EDIT model_two/views/acs_clientes/acessar.html: 0
[2021-01-31 02:22:21] EDIT model_two/views/acs_clientes/acessar.html: 0
[2021-01-31 02:23:24] EDIT model_two/views/acs_clientes/acessar.html: 2
[2021-01-31 02:23:46] EDIT model_two/controllers/acs_clientes.py: 1
[2021-01-31 02:23:57] EDIT model_two/controllers/acs_clientes.py: 1
[2021-01-31 02:24:38] EDIT model_two/controllers/acs_clientes.py: 11
[2021-01-31 02:24:47] EDIT model_two/controllers/acs_clientes.py: -1
[2021-01-31 02:25:24] EDIT model_two/views/acs_clientes/acessar.html: 2
[2021-01-31 02:28:02] EDIT model_two/views/acs_contratos/acessar.html: 2
[2021-01-31 02:28:27] EDIT model_two/controllers/acs_contratos.py: 1
[2021-01-31 02:29:20] EDIT model_two/views/acs_contratos/acessar.html: 0
[2021-01-31 02:30:07] EDIT model_two/views/acs_contratos/acessar.html: 2
[2021-01-31 02:33:02] EDIT model_two/views/acs_recebimentos/index.html: 2
[2021-01-31 02:33:16] EDIT model_two/views/acs_recebimentos/index.html: 0
[2021-01-31 02:33:46] EDIT model_two/views/acs_recebimentos/index.html: 0
[2021-01-31 02:37:45] EDIT model_two/views/acs_imoveis/index.html: 0
[2021-01-31 02:39:52] EDIT model_two/views/acs_imoveis/index.html: 1
[2021-01-31 02:40:15] EDIT model_two/views/acs_imoveis/index.html: 0
[2021-01-31 02:41:14] EDIT model_two/views/acs_imoveis/index.html: 5
[2021-01-31 02:41:42] EDIT model_two/views/acs_imoveis/index.html: 0
[2021-01-31 02:41:55] EDIT model_two/views/acs_imoveis/index.html: 1
[2021-01-31 02:42:17] EDIT model_two/views/acs_imoveis/index.html: 0
[2021-01-31 02:43:14] EDIT model_two/views/acs_imoveis/acessar.html: 2
[2021-01-31 02:43:32] EDIT model_two/controllers/acs_imoveis.py: 1
[2021-01-31 02:44:17] EDIT model_two/views/acs_imoveis/acessar.html: 2
[2021-01-31 02:47:34] EDIT model_two/views/acs_imoveis/index.html: 0
[2021-01-31 02:54:54] EDIT model_two/views/acs_imoveis/index.html: 0
[2021-01-31 02:57:38] EDIT model_two/views/acs_relatorios/index.html: 0
[2021-01-31 02:57:50] EDIT model_two/views/acs_relatorios/index.html: 0
[2021-01-31 02:57:59] EDIT model_two/views/acs_relatorios/index.html: 0
[2021-01-31 03:00:36] EDIT model_two/views/acs_clientes/index.html: -4
[2021-01-31 03:00:59] EDIT model_two/views/acs_clientes/index.html: 0
[2021-01-31 03:01:37] EDIT model_two/views/acs_clientes/index.html: 0
[2021-01-31 03:01:43] EDIT model_two/views/acs_clientes/index.html: 0
[2021-01-31 03:02:02] EDIT model_two/views/acs_clientes/index.html: 0
[2021-01-31 03:03:17] EDIT model_two/views/acs_clientes/acessar.html: 0
[2021-01-31 03:05:36] EDIT model_two/views/acs_imoveis/index.html: -4
[2021-01-31 03:06:36] EDIT model_two/views/acs_imoveis/acessar.html: 0
[2021-01-31 03:07:03] EDIT model_two/views/acs_imoveis/acessar.html: 0
[2021-01-31 03:08:32] EDIT model_two/views/acs_recebimentos/index.html: -2
[2021-01-31 03:08:53] EDIT model_two/controllers/acs_recebimentos.py: 1
[2021-01-31 03:09:05] EDIT model_two/controllers/acs_recebimentos.py: 0
[2021-01-31 03:10:39] EDIT model_two/views/acs_recebimentos/index.html: 7
[2021-01-31 03:11:05] EDIT model_two/views/acs_recebimentos/index.html: 2
[2021-01-31 03:11:32] EDIT model_two/views/acs_recebimentos/index.html: 0
[2021-01-31 03:11:43] EDIT model_two/views/acs_recebimentos/index.html: -1
[2021-01-31 03:12:03] EDIT model_two/views/acs_recebimentos/index.html: -7
[2021-01-31 03:12:51] EDIT model_two/views/acs_recebimentos/index.html: 15
[2021-01-31 03:13:05] EDIT model_two/views/acs_recebimentos/index.html: -12
[2021-01-31 03:13:56] EDIT model_two/views/acs_recebimentos/index.html: 6
[2021-01-31 03:14:01] EDIT model_two/views/acs_recebimentos/index.html: 0
[2021-01-31 03:14:16] EDIT model_two/views/acs_recebimentos/index.html: 0
[2021-01-31 03:17:18] EDIT model_two/views/acs_clientes/index.html: 10
[2021-01-31 03:18:03] EDIT model_two/views/acs_clientes/index.html: 1
[2021-01-31 03:18:37] EDIT model_two/views/acs_clientes/index.html: 0
[2021-01-31 03:20:21] EDIT model_two/views/acs_clientes/index.html: 0
[2021-01-31 03:23:12] EDIT model_two/views/acs_clientes/index.html: 0
[2021-01-31 03:23:30] EDIT model_two/views/acs_clientes/index.html: 0
[2021-01-31 03:24:35] EDIT model_two/views/acs_clientes/index.html: 0
[2021-01-31 03:26:26] EDIT model_two/views/acs_clientes/index.html: 1
[2021-01-31 03:26:43] EDIT model_two/views/acs_clientes/index.html: -1
[2021-01-31 03:26:49] EDIT model_two/views/acs_clientes/index.html: 0
[2021-01-31 03:30:40] EDIT model_two/views/acs_clientes/index.html: 8
[2021-01-31 03:31:18] EDIT model_two/views/acs_clientes/index.html: 0
[2021-01-31 03:32:40] EDIT model_two/views/acs_clientes/index.html: -1
[2021-01-31 03:34:39] EDIT model_two/views/acs_imoveis/acessar.html: 13
[2021-01-31 03:35:12] EDIT model_two/views/acs_imoveis/acessar.html: -13
[2021-01-31 03:35:32] EDIT model_two/views/acs_clientes/acessar.html: 13
[2021-01-31 03:36:56] EDIT model_two/views/acs_clientes/acessar.html: 0
[2021-01-31 03:36:58] EDIT model_two/views/acs_clientes/acessar.html: 0
[2021-01-31 03:37:16] EDIT model_two/views/acs_clientes/acessar.html: 0
[2021-01-31 03:46:25] EDIT model_two/controllers/default.py: 0
[2021-01-31 03:50:44] EDIT model_two/controllers/acs_administrativo.py: 14
[2021-01-31 03:51:55] EDIT model_two/controllers/acs_administrativo.py: 0
[2021-01-31 03:53:00] EDIT model_two/models/menu.py: 4
[2021-01-31 03:53:13] EDIT model_two/models/menu.py: 0
[2021-01-31 03:53:29] EDIT model_two/models/menu.py: 0
[2021-01-31 03:53:48] EDIT model_two/models/menu.py: 0
[2021-01-31 03:55:10] EDIT model_two/models/menu.py: 0
[2021-01-31 03:56:21] EDIT model_two/models/menu.py: 1
[2021-01-31 03:57:05] EDIT model_two/models/menu.py: 4
[2021-01-31 04:00:52] EDIT model_two/models/db2.py: 0
[2021-01-31 04:01:44] EDIT model_two/controllers/acs_administrativo.py: 14
[2021-01-31 04:02:08] EDIT model_two/controllers/acs_administrativo.py: 0
[2021-01-31 04:02:37] EDIT model_two/models/menu.py: 0
[2021-01-31 04:02:43] EDIT model_two/models/menu.py: 0
[2021-01-31 04:06:16] EDIT model_two/models/menu.py: 0
[2021-01-31 04:06:51] EDIT model_two/controllers/acs_administrativo.py: 14
[2021-01-31 04:07:01] EDIT model_two/controllers/acs_administrativo.py: 0
[2021-01-31 04:07:21] EDIT model_two/controllers/acs_administrativo.py: 0
[2021-01-31 04:07:25] EDIT model_two/controllers/acs_administrativo.py: 0
[2021-01-31 04:07:39] EDIT model_two/controllers/acs_administrativo.py: 0
[2021-01-31 04:09:18] EDIT model_two/models/menu.py: 5
[2021-01-31 04:12:49] EDIT model_two/models/menu.py: 6
[2021-01-31 04:14:14] EDIT model_two/views/default/index.html: 0
[2021-01-31 04:15:42] EDIT model_two/controllers/default.py: 2
[2021-01-31 04:15:59] EDIT model_two/views/default/index.html: 0
[2021-01-31 04:16:07] EDIT model_two/views/default/index.html: 0
[2021-01-31 04:16:36] EDIT model_two/views/default/index.html: 0
[2021-01-31 04:17:12] EDIT model_two/views/default/index.html: 0
[2021-01-31 04:17:38] EDIT model_two/views/default/index.html: 0
[2021-01-31 04:17:53] EDIT model_two/views/default/index.html: 0
[2021-01-31 04:18:45] EDIT model_two/views/default/index.html: 0
[2021-01-31 04:19:30] EDIT model_two/views/default/index.html: 0
[2021-01-31 04:20:29] EDIT model_two/views/default/index.html: 0
[2021-01-31 04:20:58] EDIT model_two/views/default/index.html: 0
[2021-01-31 04:22:24] EDIT model_two/controllers/acs_administrativo.py: 14
[2021-01-31 04:23:39] EDIT model_two/controllers/acs_administrativo.py: 28
[2021-01-31 04:24:23] EDIT model_two/models/menu.py: 0
[2021-01-31 04:26:05] EDIT model_two/controllers/acs_administrativo.py: 14
[2021-01-31 04:26:09] EDIT model_two/controllers/acs_administrativo.py: 0
[2021-01-31 04:26:20] EDIT model_two/controllers/acs_administrativo.py: 42
[2021-01-31 04:26:27] EDIT model_two/controllers/acs_administrativo.py: 0
[2021-01-31 04:26:33] EDIT model_two/controllers/acs_administrativo.py: 0
[2021-01-31 05:16:54] EDIT model_two/views/layout.html: 3
[2021-01-31 05:18:15] EDIT model_two/views/default/index.html: 1
[2021-01-31 05:18:46] EDIT model_two/views/layout.html: -3
[2021-01-31 05:19:03] EDIT model_two/views/layout.html: 0
[2021-01-31 05:19:13] EDIT model_two/views/default/index.html: 0
[2021-01-31 05:19:40] EDIT model_two/views/default/index.html: -1
[2021-01-31 05:19:53] EDIT model_two/views/layout.html: 3
[2021-01-31 05:20:52] EDIT model_two/views/default/index.html: 17
[2021-01-31 05:21:29] EDIT model_two/views/default/index.html: 0
[2021-01-31 05:21:57] EDIT model_two/views/default/index.html: -17
[2021-01-31 05:26:49] EDIT model_two/views/layout.html: 5
[2021-01-31 05:27:10] EDIT model_two/views/default/index.html: 0
[2021-01-31 05:27:46] EDIT model_two/views/default/index.html: 0
[2021-01-31 05:29:57] EDIT model_two/views/layout.html: 0
[2021-01-31 05:30:48] EDIT model_two/views/default/index.html: 0
[2021-01-31 05:31:40] EDIT model_two/views/layout.html: -2
[2021-01-31 05:31:48] EDIT model_two/views/default/index.html: 0
[2021-01-31 05:32:19] EDIT model_two/views/default/index.html: 0
[2021-01-31 05:39:05] EDIT model_two/views/layout.html: 14
[2021-01-31 05:39:41] EDIT model_two/views/default/index.html: 0
[2021-01-31 05:39:58] EDIT model_two/views/default/index.html: 0
[2021-01-31 05:40:01] EDIT model_two/views/layout.html: 0
[2021-01-31 05:41:48] EDIT model_two/views/default/index.html: 0
[2021-01-31 05:43:29] EDIT model_two/views/layout.html: 0
[2021-01-31 05:44:09] EDIT model_two/views/layout.html: -20
[2021-01-31 05:46:23] EDIT model_two/views/default/index.html: 21
[2021-02-01 06:22:43] EDIT model_two/views/layout.html: 2
[2021-02-01 06:23:48] EDIT model_two/models/menu.py: 1
[2021-02-01 06:25:29] EDIT model_two/views/layout.html: 0
[2021-02-01 06:26:33] EDIT model_two/models/menu.py: 0
[2021-02-01 06:29:50] EDIT model_two/views/layout.html: 0
[2021-02-01 17:28:15] EDIT model_two/views/layout.html: 0
[2021-02-01 17:28:46] EDIT model_two/views/layout.html: 0
[2021-02-01 17:30:19] EDIT model_two/views/layout.html: 1
[2021-02-01 17:31:02] EDIT model_two/views/layout.html: 0
[2021-02-01 17:31:40] EDIT model_two/views/layout.html: 0
[2021-02-01 17:33:06] EDIT model_two/views/layout.html: 0
[2021-02-01 17:34:06] EDIT model_two/views/layout.html: 0
[2021-02-01 17:35:52] EDIT model_two/views/layout.html: 0
[2021-02-01 17:37:05] EDIT model_two/views/layout.html: -1
[2021-02-01 17:37:41] EDIT model_two/views/layout.html: 0
[2021-02-01 17:38:20] EDIT model_two/views/layout.html: 0
[2021-02-01 17:38:37] EDIT model_two/views/layout.html: 0
[2021-02-01 17:39:43] EDIT model_two/views/layout.html: 0
[2021-02-01 17:40:04] EDIT model_two/views/layout.html: 0
[2021-02-01 17:40:19] EDIT model_two/views/layout.html: 0
[2021-02-01 17:40:54] EDIT model_two/views/layout.html: 2
[2021-02-01 17:41:28] EDIT model_two/views/layout.html: 4
[2021-02-01 17:42:15] EDIT model_two/views/layout.html: 0
[2021-02-01 17:42:39] EDIT model_two/views/layout.html: 0
[2021-02-01 17:43:10] EDIT model_two/views/layout.html: 0
[2021-02-01 17:43:21] EDIT model_two/views/layout.html: 0
[2021-02-01 17:43:32] EDIT model_two/views/layout.html: 2
[2021-02-01 17:44:21] EDIT model_two/views/layout.html: 2
[2021-02-01 17:45:49] EDIT model_two/views/acs_administrativo/index.html: 2
[2021-02-02 13:21:07] EDIT model_two/models/validadores.py: 0
[2021-02-02 13:21:37] EDIT model_two/models/validadores.py: -1
[2021-02-02 13:32:38] EDIT model_two/controllers/default.py: 0
[2021-02-02 13:32:54] EDIT model_two/controllers/default.py: 0
[2021-02-02 13:32:56] EDIT model_two/controllers/default.py: 0
[2021-02-02 13:33:00] EDIT model_two/controllers/default.py: 0
[2021-02-02 13:47:28] UPLOAD /home/ArsenalSystem/web2py/applications/model_two/static/images/icone.ico: 5
[2021-02-02 13:47:56] UPLOAD /home/ArsenalSystem/web2py/applications/model_two/static/images/icone.png: 12
[2021-02-02 13:48:32] EDIT model_two/views/layout.html: 0
[2021-02-05 17:33:35] EDIT model_two/views/acs_contratos/contrato_locacao.html: -3
[2021-02-05 17:34:39] EDIT model_two/views/acs_contratos/contrato_locacao.html: 0
[2021-02-05 17:38:55] EDIT model_two/views/acs_contratos/contrato_locacao.html: 0
[2021-02-05 17:40:27] EDIT model_two/views/acs_contratos/contrato_locacao.html: 0
[2021-02-05 18:23:01] UPLOAD /home/ArsenalSystem/web2py/applications/model_two/static/images/ico.ico: 77
[2021-02-05 18:23:20] EDIT model_two/views/layout.html: 0
[2021-02-05 18:24:37] EDIT model_two/views/default/index.html: 1
[2021-02-05 18:25:59] EDIT model_two/views/layout.html: 1
[2021-02-05 18:26:07] EDIT model_two/views/layout.html: 0
[2021-02-05 18:26:24] EDIT model_two/views/layout.html: 0
[2021-02-05 18:26:34] EDIT model_two/views/layout.html: 0
[2021-02-05 18:26:53] EDIT model_two/views/default/index.html: 2
[2021-02-05 18:36:48] EDIT model_two/views/acs_contratos/contrato_locacao.html: 0
[2021-02-05 18:37:50] EDIT model_two/views/acs_contratos/contrato_locacao.html: 0
[2021-02-05 18:38:17] EDIT model_two/views/acs_contratos/contrato_locacao.html: 0
[2021-02-05 18:39:21] EDIT model_two/views/acs_contratos/contrato_locacao.html: 0
